<?xml version="1.0" encoding="UTF-8"?>
<testsuite name="io.github.cjstehno.trample.parser.ParserModeTest" tests="1" skipped="0" failures="0" errors="0" timestamp="2022-07-01T12:57:54" hostname="inhouse" time="0.065">
  <properties/>
  <testcase name="allowingFrame()" classname="io.github.cjstehno.trample.parser.ParserModeTest" time="0.065"/>
  <system-out><![CDATA[]]></system-out>
  <system-err><![CDATA[]]></system-err>
</testsuite>
