<?xml version="1.0" encoding="UTF-8"?>
<testsuite name="io.github.cjstehno.trample.parser.ParserModeTest" tests="1" skipped="0" failures="0" errors="0" timestamp="2022-07-01T13:50:38" hostname="inhouse" time="0.094">
  <properties/>
  <testcase name="allowingFrame()" classname="io.github.cjstehno.trample.parser.ParserModeTest" time="0.094"/>
  <system-out><![CDATA[]]></system-out>
  <system-err><![CDATA[]]></system-err>
</testsuite>
