<?xml version="1.0" encoding="UTF-8"?>
<testsuite name="io.github.cjstehno.trample.stomp.ConnectedFrameTest" tests="6" skipped="0" failures="0" errors="0" timestamp="2022-07-01T13:50:39" hostname="inhouse" time="0.33">
  <properties/>
  <testcase name="equalsAndHash()" classname="io.github.cjstehno.trample.stomp.ConnectedFrameTest" time="0.087"/>
  <testcase name="settingVersion()" classname="io.github.cjstehno.trample.stomp.ConnectedFrameTest" time="0.003"/>
  <testcase name="readWrite()" classname="io.github.cjstehno.trample.stomp.ConnectedFrameTest" time="0.211"/>
  <testcase name="properties()" classname="io.github.cjstehno.trample.stomp.ConnectedFrameTest" time="0.004"/>
  <testcase name="string()" classname="io.github.cjstehno.trample.stomp.ConnectedFrameTest" time="0.012"/>
  <testcase name="read()" classname="io.github.cjstehno.trample.stomp.ConnectedFrameTest" time="0.006"/>
  <system-out><![CDATA[]]></system-out>
  <system-err><![CDATA[]]></system-err>
</testsuite>
