<?xml version="1.0" encoding="UTF-8"?>
<testsuite name="io.github.cjstehno.trample.stomp.StompParserTest" tests="2" skipped="0" failures="0" errors="0" timestamp="2022-07-01T12:16:02" hostname="inhouse" time="0.252">
  <properties/>
  <testcase name="parsingSingleMessage()" classname="io.github.cjstehno.trample.stomp.StompParserTest" time="0.249"/>
  <testcase name="writingConnected()" classname="io.github.cjstehno.trample.stomp.StompParserTest" time="0.002"/>
  <system-out><![CDATA[07:16:02.397 [Test worker] INFO io.github.cjstehno.trample.stomp.StompParser - Parsed frame: ConnectedFrame(super=BaseFrame(command=CONNECTED, headers={version=1.2}, body=))
]]></system-out>
  <system-err><![CDATA[]]></system-err>
</testsuite>
