<?xml version="1.0" encoding="UTF-8"?>
<testsuite name="io.github.cjstehno.trample.stomp.StompParserTest" tests="1" skipped="0" failures="0" errors="0" timestamp="2022-06-28T19:00:50" hostname="inhouse" time="0.022">
  <properties/>
  <testcase name="resettingIterator()" classname="io.github.cjstehno.trample.stomp.StompParserTest" time="0.022"/>
  <system-out><![CDATA[ > CONNECTED
 > version:1.2
 > 
 > ?
]]></system-out>
  <system-err><![CDATA[]]></system-err>
</testsuite>
